<?xml version="1.0" encoding="UTF-8"?>
<!-- Generated by org.testng.reporters.JUnitReportReporter -->
<testsuite hostname="Abiola" failures="0" tests="2" name="com.testautomationu.chapter3annotations.Configuration_Annotation" time="0.030" errors="0" timestamp="2022-08-12T23:00:03 BST" skipped="0">
  <testcase classname="com.testautomationu.chapter3annotations.Configuration_Annotation" name="searchCustomer" time="0.023"/>
  <system-out/>
  <testcase classname="com.testautomationu.chapter3annotations.Configuration_Annotation" name="searchProduct" time="0.007"/>
  <system-out/>
</testsuite> <!-- com.testautomationu.chapter3annotations.Configuration_Annotation -->
